2024.07.28 14:00:33 INFO  Started: Metals version 1.3.4 in folders 'C:\Users\USER\Downloads\SCS 2204 Functional Pragramming Practicals\Scala-Tutorial---06' for client Visual Studio Code 1.91.1.
SLF4J(W): Class path contains multiple SLF4J providers.
SLF4J(W): Found provider [scribe.slf4j.ScribeServiceProvider@11161046]
SLF4J(W): Found provider [ch.qos.logback.classic.spi.LogbackServiceProvider@4541751f]
SLF4J(W): See https://www.slf4j.org/codes.html#multiple_bindings for an explanation.
SLF4J(I): Actual provider is of type [scribe.slf4j.ScribeServiceProvider@11161046]
2024.07.28 14:00:33 WARN  Flyway upgrade recommended: H2 2.3.230 is newer than this version of Flyway and support has not been tested. The latest supported version of H2 is 2.2.220.
Jul 28, 2024 2:00:35 PM org.eclipse.lsp4j.jsonrpc.RemoteEndpoint handleCancellation
WARNING: Unmatched cancel notification for request id 6
Jul 28, 2024 2:00:35 PM org.eclipse.lsp4j.jsonrpc.RemoteEndpoint handleCancellation
WARNING: Unmatched cancel notification for request id 2
Jul 28, 2024 2:00:35 PM org.eclipse.lsp4j.jsonrpc.RemoteEndpoint handleCancellation
WARNING: Unmatched cancel notification for request id 1
2024.07.28 14:00:35 INFO  no build target found for C:\Users\USER\Downloads\SCS 2204 Functional Pragramming Practicals\Scala-Tutorial---06\Q1.scala. Using presentation compiler with project's scala-library version: 3.3.3
2024.07.28 14:00:48 INFO  Running List(C:\Users\USER\AppData\Local\Coursier\data\bin\scala-cli.BAT, setup-ide, C:\Users\USER\Downloads\SCS 2204 Functional Pragramming Practicals\Scala-Tutorial---06)
2024.07.28 14:00:48 INFO  Attempting to connect to the build server...
2024.07.28 14:00:48 INFO  Running BSP server List(C:\Users\USER\AppData\Local\Coursier\data\bin\.scala-cli.aux.exe, bsp, --json-options, C:\Users\USER\Downloads\SCS 2204 Functional Pragramming Practicals\Scala-Tutorial---06\.scala-build\ide-options-v2.json, --json-launcher-options, C:\Users\USER\Downloads\SCS 2204 Functional Pragramming Practicals\Scala-Tutorial---06\.scala-build\ide-launcher-options.json, --envs-file, C:\Users\USER\Downloads\SCS 2204 Functional Pragramming Practicals\Scala-Tutorial---06\.scala-build\ide-envs.json, C:\Users\USER\Downloads\SCS 2204 Functional Pragramming Practicals\Scala-Tutorial---06)
2024.07.28 14:00:48 INFO  tracing is disabled for protocol BSP, to enable tracing of incoming and outgoing JSON messages create an empty file at C:\Users\USER\Downloads\SCS 2204 Functional Pragramming Practicals\Scala-Tutorial---06\.metals\bsp.trace.json or C:\Users\USER\AppData\Local\scalameta\metals\cache\bsp.trace.json
2024.07.28 14:00:51 INFO  BSP server: Starting compilation server
2024.07.28 14:01:00 INFO  time: Connected to build server in 11s
2024.07.28 14:01:00 INFO  Connected to Build server: scala-cli v1.3.2
2024.07.28 14:01:01 INFO  compiling scala-tutorial---06_f4dd477a3a (1 scala source)
2024.07.28 14:01:04 INFO  time: Imported build in 4.71s
2024.07.28 14:01:05 INFO  running doctor check
2024.07.28 14:01:05 INFO  java targets: Scala-Tutorial---06_f4dd477a3a-test, Scala-Tutorial---06_f4dd477a3a
2024.07.28 14:01:10 WARN  Flyway upgrade recommended: H2 2.3.230 is newer than this version of Flyway and support has not been tested. The latest supported version of H2 is 2.2.220.
2024.07.28 14:01:13 INFO  time: indexed workspace in 8.02s
Jul 28, 2024 2:28:02 PM org.eclipse.lsp4j.jsonrpc.RemoteEndpoint handleCancellation
WARNING: Unmatched cancel notification for request id 61
Jul 28, 2024 2:31:14 PM org.eclipse.lsp4j.jsonrpc.RemoteEndpoint handleCancellation
WARNING: Unmatched cancel notification for request id 113
2024.07.28 14:31:27 INFO  compiling scala-tutorial---06_f4dd477a3a (1 scala source)
2024.07.28 14:31:29 INFO  time: compiled Scala-Tutorial---06_f4dd477a3a in 2.39s
2024.07.28 14:43:19 INFO  compiling scala-tutorial---06_f4dd477a3a (1 scala source)
2024.07.28 14:43:20 INFO  time: compiled Scala-Tutorial---06_f4dd477a3a in 1.66s
Jul 28, 2024 3:08:37 PM org.eclipse.lsp4j.jsonrpc.RemoteEndpoint handleCancellation
WARNING: Unmatched cancel notification for request id 476
2024.07.28 15:13:44 INFO  compiling scala-tutorial---06_f4dd477a3a (1 scala source)
2024.07.28 15:13:46 INFO  time: compiled Scala-Tutorial---06_f4dd477a3a in 1.59s
2024.07.28 15:14:10 INFO  compiling scala-tutorial---06_f4dd477a3a (1 scala source)
2024.07.28 15:14:10 INFO  time: compiled Scala-Tutorial---06_f4dd477a3a in 0.99s
2024.07.28 15:19:49 INFO  compiling scala-tutorial---06_f4dd477a3a (1 scala source)
2024.07.28 15:19:50 INFO  time: compiled Scala-Tutorial---06_f4dd477a3a in 1.27s
2024.07.28 15:20:17 INFO  compiling scala-tutorial---06_f4dd477a3a (1 scala source)
2024.07.28 15:20:17 INFO  time: compiled Scala-Tutorial---06_f4dd477a3a in 0.59s
2024.07.28 15:23:46 INFO  compiling scala-tutorial---06_f4dd477a3a (1 scala source)
2024.07.28 15:23:46 INFO  time: compiled Scala-Tutorial---06_f4dd477a3a in 0.54s
2024.07.28 15:23:56 INFO  compiling scala-tutorial---06_f4dd477a3a (1 scala source)
2024.07.28 15:23:56 INFO  time: compiled Scala-Tutorial---06_f4dd477a3a in 0.48s
2024.07.28 15:25:20 INFO  compiling scala-tutorial---06_f4dd477a3a (1 scala source)
2024.07.28 15:25:20 INFO  time: compiled Scala-Tutorial---06_f4dd477a3a in 0.56s
2024.07.28 15:26:29 INFO  compiling scala-tutorial---06_f4dd477a3a (1 scala source)
2024.07.28 15:26:29 INFO  time: compiled Scala-Tutorial---06_f4dd477a3a in 0.53s
2024.07.28 15:30:54 INFO  no build target found for C:\Users\USER\Downloads\SCS 2204 Functional Pragramming Practicals\Scala-Tutorial---06\Q2.scala. Using presentation compiler with project's scala-library version: 3.3.3
2024.07.28 15:30:54 INFO  no build target found for C:\Users\USER\Downloads\SCS 2204 Functional Pragramming Practicals\Scala-Tutorial---06\Q2.scala. Using presentation compiler with project's scala-library version: 3.3.3
2024.07.28 15:30:55 WARN  no build target for: C:\Users\USER\Downloads\SCS 2204 Functional Pragramming Practicals\Scala-Tutorial---06\Q2.scala
2024.07.28 15:30:55 INFO  no build target found for C:\Users\USER\Downloads\SCS 2204 Functional Pragramming Practicals\Scala-Tutorial---06\Q2.scala. Using presentation compiler with project's scala-library version: 3.3.3
2024.07.28 15:30:56 INFO  compiling scala-tutorial---06_f4dd477a3a (1 scala source)
2024.07.28 15:30:58 INFO  time: compiled Scala-Tutorial---06_f4dd477a3a in 2s
2024.07.28 15:30:58 INFO  time: Imported build in 2.64s
2024.07.28 15:30:58 INFO  no build target found for C:\Users\USER\Downloads\SCS 2204 Functional Pragramming Practicals\Scala-Tutorial---06\Q2.scala. Using presentation compiler with project's scala-library version: 3.3.3
2024.07.28 15:30:58 INFO  running doctor check
2024.07.28 15:30:58 INFO  java targets: Scala-Tutorial---06_f4dd477a3a-test, Scala-Tutorial---06_f4dd477a3a
2024.07.28 15:31:02 INFO  time: indexed workspace in 3.94s
2024.07.28 15:31:02 INFO  time: code lens generation in 7.43s
2024.07.28 15:33:17 INFO  compiling scala-tutorial---06_f4dd477a3a (1 scala source)
2024.07.28 15:33:17 INFO  time: compiled Scala-Tutorial---06_f4dd477a3a in 0.51s
2024.07.28 15:34:27 INFO  compiling scala-tutorial---06_f4dd477a3a (1 scala source)
2024.07.28 15:34:27 INFO  time: compiled Scala-Tutorial---06_f4dd477a3a in 0.5s
Jul 28, 2024 3:34:33 PM org.eclipse.lsp4j.jsonrpc.RemoteEndpoint handleCancellation
WARNING: Unmatched cancel notification for request id 1450
Jul 28, 2024 3:34:43 PM org.eclipse.lsp4j.jsonrpc.RemoteEndpoint handleCancellation
WARNING: Unmatched cancel notification for request id 1504
Jul 28, 2024 3:35:52 PM org.eclipse.lsp4j.jsonrpc.RemoteEndpoint handleCancellation
WARNING: Unmatched cancel notification for request id 1565
2024.07.28 15:35:55 INFO  compiling scala-tutorial---06_f4dd477a3a (1 scala source)
2024.07.28 15:35:55 INFO  time: compiled Scala-Tutorial---06_f4dd477a3a in 0.42s
Jul 28, 2024 3:36:30 PM org.eclipse.lsp4j.jsonrpc.RemoteEndpoint handleCancellation
WARNING: Unmatched cancel notification for request id 1604
2024.07.28 15:36:31 ERROR Failed to tokenize input for semantic tokens for C:\Users\USER\Downloads\SCS 2204 Functional Pragramming Practicals\Scala-Tutorial---06\Q2.scala
scala.meta.tokenizers.TokenizeException: <input>:13: error: unclosed string literal
        val totalMarks = readLine("Enter total
                                  ^
	at scala.meta.internal.tokenizers.Reporter.syntaxError(Reporter.scala:23)
	at scala.meta.internal.tokenizers.Reporter.syntaxError$(Reporter.scala:23)
	at scala.meta.internal.tokenizers.Reporter$$anon$1.syntaxError(Reporter.scala:32)
	at scala.meta.internal.tokenizers.Reporter.syntaxError(Reporter.scala:25)
	at scala.meta.internal.tokenizers.Reporter.syntaxError$(Reporter.scala:25)
	at scala.meta.internal.tokenizers.Reporter$$anon$1.syntaxError(Reporter.scala:32)
	at scala.meta.internal.tokenizers.LegacyScanner.getStringLit(LegacyScanner.scala:509)
	at scala.meta.internal.tokenizers.LegacyScanner.fetchDoubleQuote$1(LegacyScanner.scala:361)
	at scala.meta.internal.tokenizers.LegacyScanner.fetchToken(LegacyScanner.scala:363)
	at scala.meta.internal.tokenizers.LegacyScanner.nextToken(LegacyScanner.scala:201)
	at scala.meta.internal.tokenizers.LegacyScanner.foreach(LegacyScanner.scala:912)
	at scala.meta.internal.tokenizers.ScalametaTokenizer.uncachedTokenize(ScalametaTokenizer.scala:23)
	at scala.meta.internal.tokenizers.ScalametaTokenizer.$anonfun$tokenize$1(ScalametaTokenizer.scala:17)
	at scala.collection.concurrent.TrieMap.getOrElseUpdate(TrieMap.scala:960)
	at scala.meta.internal.tokenizers.ScalametaTokenizer.tokenize(ScalametaTokenizer.scala:17)
	at scala.meta.internal.tokenizers.ScalametaTokenizer$$anon$2.apply(ScalametaTokenizer.scala:322)
	at scala.meta.tokenizers.Api$XtensionTokenizeDialectInput.tokenize(Api.scala:22)
	at scala.meta.tokenizers.Api$XtensionTokenizeInputLike.tokenize(Api.scala:13)
	at scala.meta.internal.metals.SemanticTokensProvider$.getTokens(SemanticTokensProvider.scala:28)
	at scala.meta.internal.metals.SemanticTokensProvider$.provide(SemanticTokensProvider.scala:89)
	at scala.meta.internal.metals.Compilers.$anonfun$semanticTokens$3(Compilers.scala:561)
	at scala.concurrent.impl.Promise$Transformation.run(Promise.scala:467)
	at java.util.concurrent.ThreadPoolExecutor.runWorker(ThreadPoolExecutor.java:1136)
	at java.util.concurrent.ThreadPoolExecutor$Worker.run(ThreadPoolExecutor.java:635)
	at java.lang.Thread.run(Thread.java:833)

2024.07.28 15:36:33 ERROR Failed to tokenize input for semantic tokens for C:\Users\USER\Downloads\SCS 2204 Functional Pragramming Practicals\Scala-Tutorial---06\Q2.scala
scala.meta.tokenizers.TokenizeException: <input>:28: error: unclosed string interpolation
        println(s"Total Marks :
                  ^
	at scala.meta.internal.tokenizers.Reporter.syntaxError(Reporter.scala:23)
	at scala.meta.internal.tokenizers.Reporter.syntaxError$(Reporter.scala:23)
	at scala.meta.internal.tokenizers.Reporter$$anon$1.syntaxError(Reporter.scala:32)
	at scala.meta.internal.tokenizers.Reporter.syntaxError(Reporter.scala:25)
	at scala.meta.internal.tokenizers.Reporter.syntaxError$(Reporter.scala:25)
	at scala.meta.internal.tokenizers.Reporter$$anon$1.syntaxError(Reporter.scala:32)
	at scala.meta.internal.tokenizers.LegacyScanner.getStringPart(LegacyScanner.scala:605)
	at scala.meta.internal.tokenizers.LegacyScanner.fetchDoubleQuote$1(LegacyScanner.scala:347)
	at scala.meta.internal.tokenizers.LegacyScanner.fetchToken(LegacyScanner.scala:363)
	at scala.meta.internal.tokenizers.LegacyScanner.nextToken(LegacyScanner.scala:201)
	at scala.meta.internal.tokenizers.LegacyScanner.foreach(LegacyScanner.scala:912)
	at scala.meta.internal.tokenizers.ScalametaTokenizer.uncachedTokenize(ScalametaTokenizer.scala:23)
	at scala.meta.internal.tokenizers.ScalametaTokenizer.$anonfun$tokenize$1(ScalametaTokenizer.scala:17)
	at scala.collection.concurrent.TrieMap.getOrElseUpdate(TrieMap.scala:960)
	at scala.meta.internal.tokenizers.ScalametaTokenizer.tokenize(ScalametaTokenizer.scala:17)
	at scala.meta.internal.tokenizers.ScalametaTokenizer$$anon$2.apply(ScalametaTokenizer.scala:322)
	at scala.meta.tokenizers.Api$XtensionTokenizeDialectInput.tokenize(Api.scala:22)
	at scala.meta.tokenizers.Api$XtensionTokenizeInputLike.tokenize(Api.scala:13)
	at scala.meta.internal.metals.SemanticTokensProvider$.getTokens(SemanticTokensProvider.scala:28)
	at scala.meta.internal.metals.SemanticTokensProvider$.provide(SemanticTokensProvider.scala:89)
	at scala.meta.internal.metals.Compilers.$anonfun$semanticTokens$3(Compilers.scala:561)
	at scala.concurrent.impl.Promise$Transformation.run(Promise.scala:467)
	at java.util.concurrent.ThreadPoolExecutor.runWorker(ThreadPoolExecutor.java:1136)
	at java.util.concurrent.ThreadPoolExecutor$Worker.run(ThreadPoolExecutor.java:635)
	at java.lang.Thread.run(Thread.java:833)

2024.07.28 15:36:36 ERROR Failed to tokenize input for semantic tokens for C:\Users\USER\Downloads\SCS 2204 Functional Pragramming Practicals\Scala-Tutorial---06\Q2.scala
scala.meta.tokenizers.TokenizeException: <input>:48: error: unclosed string literal
            val marks = readLine("Enter
                                 ^
	at scala.meta.internal.tokenizers.Reporter.syntaxError(Reporter.scala:23)
	at scala.meta.internal.tokenizers.Reporter.syntaxError$(Reporter.scala:23)
	at scala.meta.internal.tokenizers.Reporter$$anon$1.syntaxError(Reporter.scala:32)
	at scala.meta.internal.tokenizers.Reporter.syntaxError(Reporter.scala:25)
	at scala.meta.internal.tokenizers.Reporter.syntaxError$(Reporter.scala:25)
	at scala.meta.internal.tokenizers.Reporter$$anon$1.syntaxError(Reporter.scala:32)
	at scala.meta.internal.tokenizers.LegacyScanner.getStringLit(LegacyScanner.scala:509)
	at scala.meta.internal.tokenizers.LegacyScanner.fetchDoubleQuote$1(LegacyScanner.scala:361)
	at scala.meta.internal.tokenizers.LegacyScanner.fetchToken(LegacyScanner.scala:363)
	at scala.meta.internal.tokenizers.LegacyScanner.nextToken(LegacyScanner.scala:201)
	at scala.meta.internal.tokenizers.LegacyScanner.foreach(LegacyScanner.scala:912)
	at scala.meta.internal.tokenizers.ScalametaTokenizer.uncachedTokenize(ScalametaTokenizer.scala:23)
	at scala.meta.internal.tokenizers.ScalametaTokenizer.$anonfun$tokenize$1(ScalametaTokenizer.scala:17)
	at scala.collection.concurrent.TrieMap.getOrElseUpdate(TrieMap.scala:960)
	at scala.meta.internal.tokenizers.ScalametaTokenizer.tokenize(ScalametaTokenizer.scala:17)
	at scala.meta.internal.tokenizers.ScalametaTokenizer$$anon$2.apply(ScalametaTokenizer.scala:322)
	at scala.meta.tokenizers.Api$XtensionTokenizeDialectInput.tokenize(Api.scala:22)
	at scala.meta.tokenizers.Api$XtensionTokenizeInputLike.tokenize(Api.scala:13)
	at scala.meta.internal.metals.SemanticTokensProvider$.getTokens(SemanticTokensProvider.scala:28)
	at scala.meta.internal.metals.SemanticTokensProvider$.provide(SemanticTokensProvider.scala:89)
	at scala.meta.internal.metals.Compilers.$anonfun$semanticTokens$3(Compilers.scala:561)
	at scala.concurrent.impl.Promise$Transformation.run(Promise.scala:467)
	at java.util.concurrent.ThreadPoolExecutor.runWorker(ThreadPoolExecutor.java:1136)
	at java.util.concurrent.ThreadPoolExecutor$Worker.run(ThreadPoolExecutor.java:635)
	at java.lang.Thread.run(Thread.java:833)

2024.07.28 15:36:38 ERROR Failed to tokenize input for semantic tokens for C:\Users\USER\Downloads\SCS 2204 Functional Pragramming Practicals\Scala-Tutorial---06\Q2.scala
scala.meta.tokenizers.TokenizeException: <input>:60: error: unclosed string interpolation
                println(s"Invalid input:
                          ^
	at scala.meta.internal.tokenizers.Reporter.syntaxError(Reporter.scala:23)
	at scala.meta.internal.tokenizers.Reporter.syntaxError$(Reporter.scala:23)
	at scala.meta.internal.tokenizers.Reporter$$anon$1.syntaxError(Reporter.scala:32)
	at scala.meta.internal.tokenizers.Reporter.syntaxError(Reporter.scala:25)
	at scala.meta.internal.tokenizers.Reporter.syntaxError$(Reporter.scala:25)
	at scala.meta.internal.tokenizers.Reporter$$anon$1.syntaxError(Reporter.scala:32)
	at scala.meta.internal.tokenizers.LegacyScanner.getStringPart(LegacyScanner.scala:605)
	at scala.meta.internal.tokenizers.LegacyScanner.fetchDoubleQuote$1(LegacyScanner.scala:347)
	at scala.meta.internal.tokenizers.LegacyScanner.fetchToken(LegacyScanner.scala:363)
	at scala.meta.internal.tokenizers.LegacyScanner.nextToken(LegacyScanner.scala:201)
	at scala.meta.internal.tokenizers.LegacyScanner.foreach(LegacyScanner.scala:912)
	at scala.meta.internal.tokenizers.ScalametaTokenizer.uncachedTokenize(ScalametaTokenizer.scala:23)
	at scala.meta.internal.tokenizers.ScalametaTokenizer.$anonfun$tokenize$1(ScalametaTokenizer.scala:17)
	at scala.collection.concurrent.TrieMap.getOrElseUpdate(TrieMap.scala:960)
	at scala.meta.internal.tokenizers.ScalametaTokenizer.tokenize(ScalametaTokenizer.scala:17)
	at scala.meta.internal.tokenizers.ScalametaTokenizer$$anon$2.apply(ScalametaTokenizer.scala:322)
	at scala.meta.tokenizers.Api$XtensionTokenizeDialectInput.tokenize(Api.scala:22)
	at scala.meta.tokenizers.Api$XtensionTokenizeInputLike.tokenize(Api.scala:13)
	at scala.meta.internal.metals.SemanticTokensProvider$.getTokens(SemanticTokensProvider.scala:28)
	at scala.meta.internal.metals.SemanticTokensProvider$.provide(SemanticTokensProvider.scala:89)
	at scala.meta.internal.metals.Compilers.$anonfun$semanticTokens$3(Compilers.scala:561)
	at scala.concurrent.impl.Promise$Transformation.run(Promise.scala:467)
	at java.util.concurrent.ThreadPoolExecutor.runWorker(ThreadPoolExecutor.java:1136)
	at java.util.concurrent.ThreadPoolExecutor$Worker.run(ThreadPoolExecutor.java:635)
	at java.lang.Thread.run(Thread.java:833)

Jul 28, 2024 3:38:48 PM org.eclipse.lsp4j.jsonrpc.RemoteEndpoint handleCancellation
WARNING: Unmatched cancel notification for request id 1784
2024.07.28 15:42:38 INFO  Shutting down server
2024.07.28 15:42:38 INFO  shutting down Metals
2024.07.28 15:42:38 INFO  Shut down connection with build server.
2024.07.28 15:42:38 INFO  Exiting server
2024.07.28 15:44:18 INFO  Started: Metals version 1.3.4 in folders 'C:\Users\USER\Downloads\SCS 2204 Functional Pragramming Practicals\Scala-Tutorial---06' for client Visual Studio Code 1.91.1.
SLF4J(W): Class path contains multiple SLF4J providers.
SLF4J(W): Found provider [scribe.slf4j.ScribeServiceProvider@5240bf77]
SLF4J(W): Found provider [ch.qos.logback.classic.spi.LogbackServiceProvider@3adcdcc4]
SLF4J(W): See https://www.slf4j.org/codes.html#multiple_bindings for an explanation.
SLF4J(I): Actual provider is of type [scribe.slf4j.ScribeServiceProvider@5240bf77]
2024.07.28 15:44:18 WARN  Flyway upgrade recommended: H2 2.3.230 is newer than this version of Flyway and support has not been tested. The latest supported version of H2 is 2.2.220.
2024.07.28 15:44:20 INFO  no build target found for C:\Users\USER\Downloads\SCS 2204 Functional Pragramming Practicals\Scala-Tutorial---06\Q2.scala. Using presentation compiler with project's scala-library version: 3.3.3
2024.07.28 15:44:21 INFO  Attempting to connect to the build server...
2024.07.28 15:44:21 INFO  Running BSP server List(C:\Users\USER\AppData\Local\Coursier\data\bin\.scala-cli.aux.exe, bsp, --json-options, C:\Users\USER\Downloads\SCS 2204 Functional Pragramming Practicals\Scala-Tutorial---06\.scala-build\ide-options-v2.json, --json-launcher-options, C:\Users\USER\Downloads\SCS 2204 Functional Pragramming Practicals\Scala-Tutorial---06\.scala-build\ide-launcher-options.json, --envs-file, C:\Users\USER\Downloads\SCS 2204 Functional Pragramming Practicals\Scala-Tutorial---06\.scala-build\ide-envs.json, C:\Users\USER\Downloads\SCS 2204 Functional Pragramming Practicals\Scala-Tutorial---06)
2024.07.28 15:44:21 INFO  tracing is disabled for protocol BSP, to enable tracing of incoming and outgoing JSON messages create an empty file at C:\Users\USER\Downloads\SCS 2204 Functional Pragramming Practicals\Scala-Tutorial---06\.metals\bsp.trace.json or C:\Users\USER\AppData\Local\scalameta\metals\cache\bsp.trace.json
2024.07.28 15:44:28 INFO  time: Connected to build server in 7.02s
2024.07.28 15:44:28 INFO  Connected to Build server: scala-cli v1.3.2
2024.07.28 15:44:28 INFO  time: Imported build in 0.18s
2024.07.28 15:44:28 INFO  running doctor check
2024.07.28 15:44:28 INFO  java targets: Scala-Tutorial---06_f4dd477a3a-test, Scala-Tutorial---06_f4dd477a3a
2024.07.28 15:44:32 WARN  Flyway upgrade recommended: H2 2.3.230 is newer than this version of Flyway and support has not been tested. The latest supported version of H2 is 2.2.220.
2024.07.28 15:44:32 INFO  time: indexed workspace in 4.71s
2024.07.28 15:44:47 INFO  Shutting down server
2024.07.28 15:44:47 INFO  shutting down Metals
2024.07.28 15:44:47 INFO  Shut down connection with build server.
2024.07.28 15:44:47 INFO  BSP server: Jul 28, 2024 3:44:47 PM org.eclipse.lsp4j.jsonrpc.RemoteEndpoint handleNotification
2024.07.28 15:44:47 INFO  Exiting server
2024.07.29 20:28:07 INFO  Started: Metals version 1.3.4 in folders 'C:\Users\USER\Downloads\SCS 2204 Functional Pragramming Practicals\Scala-Tutorial---06' for client Visual Studio Code 1.91.1.
SLF4J(W): Class path contains multiple SLF4J providers.
SLF4J(W): Found provider [scribe.slf4j.ScribeServiceProvider@41556b5b]
SLF4J(W): Found provider [ch.qos.logback.classic.spi.LogbackServiceProvider@5f7a729e]
SLF4J(W): See https://www.slf4j.org/codes.html#multiple_bindings for an explanation.
SLF4J(I): Actual provider is of type [scribe.slf4j.ScribeServiceProvider@41556b5b]
2024.07.29 20:28:07 WARN  Flyway upgrade recommended: H2 2.3.230 is newer than this version of Flyway and support has not been tested. The latest supported version of H2 is 2.2.220.
2024.07.29 20:28:09 INFO  no build target found for C:\Users\USER\Downloads\SCS 2204 Functional Pragramming Practicals\Scala-Tutorial---06\Q2.scala. Using presentation compiler with project's scala-library version: 3.3.3
2024.07.29 20:28:11 INFO  Attempting to connect to the build server...
2024.07.29 20:28:11 INFO  Running BSP server List(C:\Users\USER\AppData\Local\Coursier\data\bin\.scala-cli.aux.exe, bsp, --json-options, C:\Users\USER\Downloads\SCS 2204 Functional Pragramming Practicals\Scala-Tutorial---06\.scala-build\ide-options-v2.json, --json-launcher-options, C:\Users\USER\Downloads\SCS 2204 Functional Pragramming Practicals\Scala-Tutorial---06\.scala-build\ide-launcher-options.json, --envs-file, C:\Users\USER\Downloads\SCS 2204 Functional Pragramming Practicals\Scala-Tutorial---06\.scala-build\ide-envs.json, C:\Users\USER\Downloads\SCS 2204 Functional Pragramming Practicals\Scala-Tutorial---06)
2024.07.29 20:28:11 INFO  tracing is disabled for protocol BSP, to enable tracing of incoming and outgoing JSON messages create an empty file at C:\Users\USER\Downloads\SCS 2204 Functional Pragramming Practicals\Scala-Tutorial---06\.metals\bsp.trace.json or C:\Users\USER\AppData\Local\scalameta\metals\cache\bsp.trace.json
2024.07.29 20:28:15 INFO  BSP server: Starting compilation server
2024.07.29 20:28:25 INFO  time: Connected to build server in 14s
2024.07.29 20:28:25 INFO  Connected to Build server: scala-cli v1.3.2
2024.07.29 20:28:25 INFO  time: Imported build in 0.15s
2024.07.29 20:28:25 INFO  running doctor check
2024.07.29 20:28:25 INFO  java targets: Scala-Tutorial---06_f4dd477a3a-test, Scala-Tutorial---06_f4dd477a3a
2024.07.29 20:28:39 WARN  Flyway upgrade recommended: H2 2.3.230 is newer than this version of Flyway and support has not been tested. The latest supported version of H2 is 2.2.220.
2024.07.29 20:28:39 INFO  time: indexed workspace in 14s
2024.07.29 23:15:45 INFO  Shutting down server
2024.07.29 23:15:45 INFO  shutting down Metals
2024.07.29 23:15:45 INFO  Shut down connection with build server.
2024.07.29 23:15:45 INFO  Exiting server
2024.07.30 08:42:41 INFO  Started: Metals version 1.3.4 in folders 'C:\Users\USER\Downloads\SCS 2204 Functional Pragramming Practicals\Scala-Tutorial---06' for client Visual Studio Code 1.91.1.
SLF4J(W): Class path contains multiple SLF4J providers.
SLF4J(W): Found provider [scribe.slf4j.ScribeServiceProvider@5ce792]
SLF4J(W): Found provider [ch.qos.logback.classic.spi.LogbackServiceProvider@2fdd99ae]
SLF4J(W): See https://www.slf4j.org/codes.html#multiple_bindings for an explanation.
SLF4J(I): Actual provider is of type [scribe.slf4j.ScribeServiceProvider@5ce792]
2024.07.30 08:42:54 WARN  Flyway upgrade recommended: H2 2.3.230 is newer than this version of Flyway and support has not been tested. The latest supported version of H2 is 2.2.220.
2024.07.30 08:42:59 INFO  no build target found for C:\Users\USER\Downloads\SCS 2204 Functional Pragramming Practicals\Scala-Tutorial---06\Q1.scala. Using presentation compiler with project's scala-library version: 3.3.3
2024.07.30 08:43:03 INFO  Attempting to connect to the build server...
2024.07.30 08:43:03 INFO  Running BSP server List(C:\Users\USER\AppData\Local\Coursier\data\bin\.scala-cli.aux.exe, bsp, --json-options, C:\Users\USER\Downloads\SCS 2204 Functional Pragramming Practicals\Scala-Tutorial---06\.scala-build\ide-options-v2.json, --json-launcher-options, C:\Users\USER\Downloads\SCS 2204 Functional Pragramming Practicals\Scala-Tutorial---06\.scala-build\ide-launcher-options.json, --envs-file, C:\Users\USER\Downloads\SCS 2204 Functional Pragramming Practicals\Scala-Tutorial---06\.scala-build\ide-envs.json, C:\Users\USER\Downloads\SCS 2204 Functional Pragramming Practicals\Scala-Tutorial---06)
2024.07.30 08:43:04 INFO  tracing is disabled for protocol BSP, to enable tracing of incoming and outgoing JSON messages create an empty file at C:\Users\USER\Downloads\SCS 2204 Functional Pragramming Practicals\Scala-Tutorial---06\.metals\bsp.trace.json or C:\Users\USER\AppData\Local\scalameta\metals\cache\bsp.trace.json
2024.07.30 08:43:08 INFO  BSP server: Starting compilation server
2024.07.30 08:43:15 INFO  time: Connected to build server in 11s
2024.07.30 08:43:15 INFO  Connected to Build server: scala-cli v1.3.2
2024.07.30 08:43:15 INFO  time: Imported build in 0.5s
2024.07.30 08:43:16 INFO  running doctor check
2024.07.30 08:43:16 INFO  java targets: Scala-Tutorial---06_f4dd477a3a-test, Scala-Tutorial---06_f4dd477a3a
2024.07.30 08:43:33 WARN  Flyway upgrade recommended: H2 2.3.230 is newer than this version of Flyway and support has not been tested. The latest supported version of H2 is 2.2.220.
2024.07.30 08:43:37 INFO  time: indexed workspace in 20s
2024.07.30 08:51:28 INFO  Shutting down server
2024.07.30 08:51:28 INFO  shutting down Metals
2024.07.30 08:51:28 INFO  Shut down connection with build server.
2024.07.30 08:51:28 INFO  Exiting server
